2025-07-08 08:49:53.333  INFO 20336 --- [main] c.f.m.MedicalReserveApplication          : Starting MedicalReserveApplication using Java 1.8.0_201 on HYXTab with PID 20336 (C:\Users\HYXTable\Documents\实践\medical-exam\medical-reserve\target\classes started by HYXTable in C:\Users\HYXTable\Documents\实践\medical-exam\medical-reserve)
2025-07-08 08:49:53.344 DEBUG 20336 --- [main] c.f.m.MedicalReserveApplication          : Running with Spring Boot v2.6.13, Spring v5.3.23
2025-07-08 08:49:53.346  INFO 20336 --- [main] c.f.m.MedicalReserveApplication          : No active profile set, falling back to 1 default profile: "default"
2025-07-08 08:49:55.095  INFO 20336 --- [main] .s.d.r.c.RepositoryConfigurationDelegate : Multiple Spring Data modules found, entering strict repository configuration mode
2025-07-08 08:49:55.096  INFO 20336 --- [main] .s.d.r.c.RepositoryConfigurationDelegate : Bootstrapping Spring Data JDBC repositories in DEFAULT mode.
2025-07-08 08:49:55.148  INFO 20336 --- [main] .RepositoryConfigurationExtensionSupport : Spring Data JDBC - Could not safely identify store assignment for repository candidate interface com.forth.medicalreserve.repository.AdminRepository; If you want this repository to be a JDBC repository, consider annotating your entities with one of these annotations: org.springframework.data.relational.core.mapping.Table.
2025-07-08 08:49:55.151  INFO 20336 --- [main] .RepositoryConfigurationExtensionSupport : Spring Data JDBC - Could not safely identify store assignment for repository candidate interface com.forth.medicalreserve.repository.DepartmentRepository; If you want this repository to be a JDBC repository, consider annotating your entities with one of these annotations: org.springframework.data.relational.core.mapping.Table.
2025-07-08 08:49:55.154  INFO 20336 --- [main] .RepositoryConfigurationExtensionSupport : Spring Data JDBC - Could not safely identify store assignment for repository candidate interface com.forth.medicalreserve.repository.DoctorRepository; If you want this repository to be a JDBC repository, consider annotating your entities with one of these annotations: org.springframework.data.relational.core.mapping.Table.
2025-07-08 08:49:55.160  INFO 20336 --- [main] .RepositoryConfigurationExtensionSupport : Spring Data JDBC - Could not safely identify store assignment for repository candidate interface com.forth.medicalreserve.repository.HospitalRepository; If you want this repository to be a JDBC repository, consider annotating your entities with one of these annotations: org.springframework.data.relational.core.mapping.Table.
2025-07-08 08:49:55.164  INFO 20336 --- [main] .RepositoryConfigurationExtensionSupport : Spring Data JDBC - Could not safely identify store assignment for repository candidate interface com.forth.medicalreserve.repository.UserRepository; If you want this repository to be a JDBC repository, consider annotating your entities with one of these annotations: org.springframework.data.relational.core.mapping.Table.
2025-07-08 08:49:55.165  INFO 20336 --- [main] .s.d.r.c.RepositoryConfigurationDelegate : Finished Spring Data repository scanning in 61 ms. Found 0 JDBC repository interfaces.
2025-07-08 08:49:55.176  INFO 20336 --- [main] .s.d.r.c.RepositoryConfigurationDelegate : Multiple Spring Data modules found, entering strict repository configuration mode
2025-07-08 08:49:55.177  INFO 20336 --- [main] .s.d.r.c.RepositoryConfigurationDelegate : Bootstrapping Spring Data JPA repositories in DEFAULT mode.
2025-07-08 08:49:55.248  INFO 20336 --- [main] .s.d.r.c.RepositoryConfigurationDelegate : Finished Spring Data repository scanning in 66 ms. Found 5 JPA repository interfaces.
2025-07-08 08:49:55.269  INFO 20336 --- [main] .s.d.r.c.RepositoryConfigurationDelegate : Multiple Spring Data modules found, entering strict repository configuration mode
2025-07-08 08:49:55.271  INFO 20336 --- [main] .s.d.r.c.RepositoryConfigurationDelegate : Bootstrapping Spring Data Redis repositories in DEFAULT mode.
2025-07-08 08:49:55.293  INFO 20336 --- [main] .RepositoryConfigurationExtensionSupport : Spring Data Redis - Could not safely identify store assignment for repository candidate interface com.forth.medicalreserve.repository.AdminRepository; If you want this repository to be a Redis repository, consider annotating your entities with one of these annotations: org.springframework.data.redis.core.RedisHash (preferred), or consider extending one of the following types with your repository: org.springframework.data.keyvalue.repository.KeyValueRepository
2025-07-08 08:49:55.294  INFO 20336 --- [main] .RepositoryConfigurationExtensionSupport : Spring Data Redis - Could not safely identify store assignment for repository candidate interface com.forth.medicalreserve.repository.DepartmentRepository; If you want this repository to be a Redis repository, consider annotating your entities with one of these annotations: org.springframework.data.redis.core.RedisHash (preferred), or consider extending one of the following types with your repository: org.springframework.data.keyvalue.repository.KeyValueRepository
2025-07-08 08:49:55.295  INFO 20336 --- [main] .RepositoryConfigurationExtensionSupport : Spring Data Redis - Could not safely identify store assignment for repository candidate interface com.forth.medicalreserve.repository.DoctorRepository; If you want this repository to be a Redis repository, consider annotating your entities with one of these annotations: org.springframework.data.redis.core.RedisHash (preferred), or consider extending one of the following types with your repository: org.springframework.data.keyvalue.repository.KeyValueRepository
2025-07-08 08:49:55.295  INFO 20336 --- [main] .RepositoryConfigurationExtensionSupport : Spring Data Redis - Could not safely identify store assignment for repository candidate interface com.forth.medicalreserve.repository.HospitalRepository; If you want this repository to be a Redis repository, consider annotating your entities with one of these annotations: org.springframework.data.redis.core.RedisHash (preferred), or consider extending one of the following types with your repository: org.springframework.data.keyvalue.repository.KeyValueRepository
2025-07-08 08:49:55.296  INFO 20336 --- [main] .RepositoryConfigurationExtensionSupport : Spring Data Redis - Could not safely identify store assignment for repository candidate interface com.forth.medicalreserve.repository.UserRepository; If you want this repository to be a Redis repository, consider annotating your entities with one of these annotations: org.springframework.data.redis.core.RedisHash (preferred), or consider extending one of the following types with your repository: org.springframework.data.keyvalue.repository.KeyValueRepository
2025-07-08 08:49:55.296  INFO 20336 --- [main] .s.d.r.c.RepositoryConfigurationDelegate : Finished Spring Data repository scanning in 13 ms. Found 0 Redis repository interfaces.
2025-07-08 08:49:55.606  WARN 20336 --- [main] o.m.s.mapper.ClassPathMapperScanner      : No MyBatis mapper was found in '[com.forth.medicalreserve]' package. Please check your configuration.
2025-07-08 08:49:56.618  INFO 20336 --- [main] o.s.b.w.embedded.tomcat.TomcatWebServer  : Tomcat initialized with port(s): 8080 (http)
2025-07-08 08:49:56.634  INFO 20336 --- [main] o.apache.catalina.core.StandardService   : Starting service [Tomcat]
2025-07-08 08:49:56.635  INFO 20336 --- [main] org.apache.catalina.core.StandardEngine  : Starting Servlet engine: [Apache Tomcat/9.0.68]
2025-07-08 08:49:56.931  INFO 20336 --- [main] o.a.c.c.C.[Tomcat].[localhost].[/]       : Initializing Spring embedded WebApplicationContext
2025-07-08 08:49:56.931  INFO 20336 --- [main] w.s.c.ServletWebServerApplicationContext : Root WebApplicationContext: initialization completed in 3509 ms
2025-07-08 08:49:57.034 DEBUG 20336 --- [main] c.f.m.filter.JwtAuthenticationFilter     : Filter 'jwtAuthenticationFilter' configured for use
2025-07-08 08:49:57.164  INFO 20336 --- [main] o.hibernate.jpa.internal.util.LogHelper  : HHH000204: Processing PersistenceUnitInfo [name: default]
2025-07-08 08:49:57.233  INFO 20336 --- [main] org.hibernate.Version                    : HHH000412: Hibernate ORM core version 5.6.12.Final
2025-07-08 08:49:57.404  INFO 20336 --- [main] o.hibernate.annotations.common.Version   : HCANN000001: Hibernate Commons Annotations {5.1.2.Final}
2025-07-08 08:49:57.513  INFO 20336 --- [main] org.hibernate.dialect.Dialect            : HHH000400: Using dialect: org.hibernate.dialect.MySQL8Dialect
2025-07-08 08:49:58.199  INFO 20336 --- [main] o.h.e.t.j.p.i.JtaPlatformInitiator       : HHH000490: Using JtaPlatform implementation: [org.hibernate.engine.transaction.jta.platform.internal.NoJtaPlatform]
2025-07-08 08:49:58.210  INFO 20336 --- [main] j.LocalContainerEntityManagerFactoryBean : Initialized JPA EntityManagerFactory for persistence unit 'default'
2025-07-08 08:49:59.060  WARN 20336 --- [main] JpaBaseConfiguration$JpaWebConfiguration : spring.jpa.open-in-view is enabled by default. Therefore, database queries may be performed during view rendering. Explicitly configure spring.jpa.open-in-view to disable this warning
2025-07-08 08:49:59.202  INFO 20336 --- [main] com.zaxxer.hikari.HikariDataSource       : HikariPool-1 - Starting...
2025-07-08 08:50:00.056  INFO 20336 --- [main] com.zaxxer.hikari.HikariDataSource       : HikariPool-1 - Start completed.
2025-07-08 08:50:00.063  WARN 20336 --- [main] ConfigServletWebServerApplicationContext : Exception encountered during context initialization - cancelling refresh attempt: org.springframework.beans.factory.BeanCreationException: Error creating bean with name 'dataSourceInitializer' defined in class path resource [com/forth/medicalreserve/config/DatabaseInitConfig.class]: Invocation of init method failed; nested exception is org.springframework.jdbc.datasource.init.CannotReadScriptException: Cannot read SQL script from class path resource [drop-foreign-keys.sql]; nested exception is java.io.FileNotFoundException: class path resource [drop-foreign-keys.sql] cannot be opened because it does not exist
2025-07-08 08:50:00.080  INFO 20336 --- [main] j.LocalContainerEntityManagerFactoryBean : Closing JPA EntityManagerFactory for persistence unit 'default'
2025-07-08 08:50:00.081  INFO 20336 --- [main] com.zaxxer.hikari.HikariDataSource       : HikariPool-1 - Shutdown initiated...
2025-07-08 08:50:00.085  INFO 20336 --- [main] com.zaxxer.hikari.HikariDataSource       : HikariPool-1 - Shutdown completed.
2025-07-08 08:50:00.086  INFO 20336 --- [main] o.apache.catalina.core.StandardService   : Stopping service [Tomcat]
2025-07-08 08:50:00.095  INFO 20336 --- [main] ConditionEvaluationReportLoggingListener : 

Error starting ApplicationContext. To display the conditions report re-run your application with 'debug' enabled.
2025-07-08 08:50:00.116 ERROR 20336 --- [main] o.s.boot.SpringApplication               : Application run failed

org.springframework.beans.factory.BeanCreationException: Error creating bean with name 'dataSourceInitializer' defined in class path resource [com/forth/medicalreserve/config/DatabaseInitConfig.class]: Invocation of init method failed; nested exception is org.springframework.jdbc.datasource.init.CannotReadScriptException: Cannot read SQL script from class path resource [drop-foreign-keys.sql]; nested exception is java.io.FileNotFoundException: class path resource [drop-foreign-keys.sql] cannot be opened because it does not exist
	at org.springframework.beans.factory.support.AbstractAutowireCapableBeanFactory.initializeBean(AbstractAutowireCapableBeanFactory.java:1804) ~[spring-beans-5.3.23.jar:5.3.23]
	at org.springframework.beans.factory.support.AbstractAutowireCapableBeanFactory.doCreateBean(AbstractAutowireCapableBeanFactory.java:620) ~[spring-beans-5.3.23.jar:5.3.23]
	at org.springframework.beans.factory.support.AbstractAutowireCapableBeanFactory.createBean(AbstractAutowireCapableBeanFactory.java:542) ~[spring-beans-5.3.23.jar:5.3.23]
	at org.springframework.beans.factory.support.AbstractBeanFactory.lambda$doGetBean$0(AbstractBeanFactory.java:335) ~[spring-beans-5.3.23.jar:5.3.23]
	at org.springframework.beans.factory.support.DefaultSingletonBeanRegistry.getSingleton(DefaultSingletonBeanRegistry.java:234) ~[spring-beans-5.3.23.jar:5.3.23]
	at org.springframework.beans.factory.support.AbstractBeanFactory.doGetBean(AbstractBeanFactory.java:333) ~[spring-beans-5.3.23.jar:5.3.23]
	at org.springframework.beans.factory.support.AbstractBeanFactory.getBean(AbstractBeanFactory.java:208) ~[spring-beans-5.3.23.jar:5.3.23]
	at org.springframework.beans.factory.support.DefaultListableBeanFactory.preInstantiateSingletons(DefaultListableBeanFactory.java:955) ~[spring-beans-5.3.23.jar:5.3.23]
	at org.springframework.context.support.AbstractApplicationContext.finishBeanFactoryInitialization(AbstractApplicationContext.java:918) ~[spring-context-5.3.23.jar:5.3.23]
	at org.springframework.context.support.AbstractApplicationContext.refresh(AbstractApplicationContext.java:583) ~[spring-context-5.3.23.jar:5.3.23]
	at org.springframework.boot.web.servlet.context.ServletWebServerApplicationContext.refresh(ServletWebServerApplicationContext.java:145) ~[spring-boot-2.6.13.jar:2.6.13]
	at org.springframework.boot.SpringApplication.refresh(SpringApplication.java:745) [spring-boot-2.6.13.jar:2.6.13]
	at org.springframework.boot.SpringApplication.refreshContext(SpringApplication.java:420) [spring-boot-2.6.13.jar:2.6.13]
	at org.springframework.boot.SpringApplication.run(SpringApplication.java:307) [spring-boot-2.6.13.jar:2.6.13]
	at org.springframework.boot.SpringApplication.run(SpringApplication.java:1317) [spring-boot-2.6.13.jar:2.6.13]
	at org.springframework.boot.SpringApplication.run(SpringApplication.java:1306) [spring-boot-2.6.13.jar:2.6.13]
	at com.forth.medicalreserve.MedicalReserveApplication.main(MedicalReserveApplication.java:10) [classes/:na]
Caused by: org.springframework.jdbc.datasource.init.CannotReadScriptException: Cannot read SQL script from class path resource [drop-foreign-keys.sql]; nested exception is java.io.FileNotFoundException: class path resource [drop-foreign-keys.sql] cannot be opened because it does not exist
	at org.springframework.jdbc.datasource.init.ScriptUtils.executeSqlScript(ScriptUtils.java:239) ~[spring-jdbc-5.3.23.jar:5.3.23]
	at org.springframework.jdbc.datasource.init.ResourceDatabasePopulator.populate(ResourceDatabasePopulator.java:254) ~[spring-jdbc-5.3.23.jar:5.3.23]
	at org.springframework.jdbc.datasource.init.DatabasePopulatorUtils.execute(DatabasePopulatorUtils.java:54) ~[spring-jdbc-5.3.23.jar:5.3.23]
	at org.springframework.jdbc.datasource.init.DataSourceInitializer.execute(DataSourceInitializer.java:111) ~[spring-jdbc-5.3.23.jar:5.3.23]
	at org.springframework.jdbc.datasource.init.DataSourceInitializer.afterPropertiesSet(DataSourceInitializer.java:96) ~[spring-jdbc-5.3.23.jar:5.3.23]
	at org.springframework.beans.factory.support.AbstractAutowireCapableBeanFactory.invokeInitMethods(AbstractAutowireCapableBeanFactory.java:1863) ~[spring-beans-5.3.23.jar:5.3.23]
	at org.springframework.beans.factory.support.AbstractAutowireCapableBeanFactory.initializeBean(AbstractAutowireCapableBeanFactory.java:1800) ~[spring-beans-5.3.23.jar:5.3.23]
	... 16 common frames omitted
Caused by: java.io.FileNotFoundException: class path resource [drop-foreign-keys.sql] cannot be opened because it does not exist
	at org.springframework.core.io.ClassPathResource.getInputStream(ClassPathResource.java:199) ~[spring-core-5.3.23.jar:5.3.23]
	at org.springframework.core.io.support.EncodedResource.getReader(EncodedResource.java:146) ~[spring-core-5.3.23.jar:5.3.23]
	at org.springframework.jdbc.datasource.init.ScriptUtils.readScript(ScriptUtils.java:328) ~[spring-jdbc-5.3.23.jar:5.3.23]
	at org.springframework.jdbc.datasource.init.ScriptUtils.executeSqlScript(ScriptUtils.java:236) ~[spring-jdbc-5.3.23.jar:5.3.23]
	... 22 common frames omitted

2025-07-08 09:05:09.472  INFO 15888 --- [main] c.f.m.MedicalReserveApplication          : Starting MedicalReserveApplication using Java 1.8.0_201 on HYXTab with PID 15888 (C:\Users\HYXTable\Documents\实践\medical-exam\medical-reserve\target\classes started by HYXTable in C:\Users\HYXTable\Documents\实践\medical-exam\medical-reserve)
2025-07-08 09:05:09.483 DEBUG 15888 --- [main] c.f.m.MedicalReserveApplication          : Running with Spring Boot v2.6.13, Spring v5.3.23
2025-07-08 09:05:09.485  INFO 15888 --- [main] c.f.m.MedicalReserveApplication          : No active profile set, falling back to 1 default profile: "default"
2025-07-08 09:05:12.466  INFO 15888 --- [main] .s.d.r.c.RepositoryConfigurationDelegate : Multiple Spring Data modules found, entering strict repository configuration mode
2025-07-08 09:05:12.467  INFO 15888 --- [main] .s.d.r.c.RepositoryConfigurationDelegate : Bootstrapping Spring Data JDBC repositories in DEFAULT mode.
2025-07-08 09:05:12.528  INFO 15888 --- [main] .RepositoryConfigurationExtensionSupport : Spring Data JDBC - Could not safely identify store assignment for repository candidate interface com.forth.medicalreserve.repository.AdminRepository; If you want this repository to be a JDBC repository, consider annotating your entities with one of these annotations: org.springframework.data.relational.core.mapping.Table.
2025-07-08 09:05:12.532  INFO 15888 --- [main] .RepositoryConfigurationExtensionSupport : Spring Data JDBC - Could not safely identify store assignment for repository candidate interface com.forth.medicalreserve.repository.DepartmentRepository; If you want this repository to be a JDBC repository, consider annotating your entities with one of these annotations: org.springframework.data.relational.core.mapping.Table.
2025-07-08 09:05:12.535  INFO 15888 --- [main] .RepositoryConfigurationExtensionSupport : Spring Data JDBC - Could not safely identify store assignment for repository candidate interface com.forth.medicalreserve.repository.DoctorRepository; If you want this repository to be a JDBC repository, consider annotating your entities with one of these annotations: org.springframework.data.relational.core.mapping.Table.
2025-07-08 09:05:12.538  INFO 15888 --- [main] .RepositoryConfigurationExtensionSupport : Spring Data JDBC - Could not safely identify store assignment for repository candidate interface com.forth.medicalreserve.repository.HospitalRepository; If you want this repository to be a JDBC repository, consider annotating your entities with one of these annotations: org.springframework.data.relational.core.mapping.Table.
2025-07-08 09:05:12.542  INFO 15888 --- [main] .RepositoryConfigurationExtensionSupport : Spring Data JDBC - Could not safely identify store assignment for repository candidate interface com.forth.medicalreserve.repository.UserRepository; If you want this repository to be a JDBC repository, consider annotating your entities with one of these annotations: org.springframework.data.relational.core.mapping.Table.
2025-07-08 09:05:12.544  INFO 15888 --- [main] .s.d.r.c.RepositoryConfigurationDelegate : Finished Spring Data repository scanning in 66 ms. Found 0 JDBC repository interfaces.
2025-07-08 09:05:12.555  INFO 15888 --- [main] .s.d.r.c.RepositoryConfigurationDelegate : Multiple Spring Data modules found, entering strict repository configuration mode
2025-07-08 09:05:12.557  INFO 15888 --- [main] .s.d.r.c.RepositoryConfigurationDelegate : Bootstrapping Spring Data JPA repositories in DEFAULT mode.
2025-07-08 09:05:12.668  INFO 15888 --- [main] .s.d.r.c.RepositoryConfigurationDelegate : Finished Spring Data repository scanning in 103 ms. Found 5 JPA repository interfaces.
2025-07-08 09:05:12.712  INFO 15888 --- [main] .s.d.r.c.RepositoryConfigurationDelegate : Multiple Spring Data modules found, entering strict repository configuration mode
2025-07-08 09:05:12.716  INFO 15888 --- [main] .s.d.r.c.RepositoryConfigurationDelegate : Bootstrapping Spring Data Redis repositories in DEFAULT mode.
2025-07-08 09:05:12.770  INFO 15888 --- [main] .RepositoryConfigurationExtensionSupport : Spring Data Redis - Could not safely identify store assignment for repository candidate interface com.forth.medicalreserve.repository.AdminRepository; If you want this repository to be a Redis repository, consider annotating your entities with one of these annotations: org.springframework.data.redis.core.RedisHash (preferred), or consider extending one of the following types with your repository: org.springframework.data.keyvalue.repository.KeyValueRepository
2025-07-08 09:05:12.772  INFO 15888 --- [main] .RepositoryConfigurationExtensionSupport : Spring Data Redis - Could not safely identify store assignment for repository candidate interface com.forth.medicalreserve.repository.DepartmentRepository; If you want this repository to be a Redis repository, consider annotating your entities with one of these annotations: org.springframework.data.redis.core.RedisHash (preferred), or consider extending one of the following types with your repository: org.springframework.data.keyvalue.repository.KeyValueRepository
2025-07-08 09:05:12.773  INFO 15888 --- [main] .RepositoryConfigurationExtensionSupport : Spring Data Redis - Could not safely identify store assignment for repository candidate interface com.forth.medicalreserve.repository.DoctorRepository; If you want this repository to be a Redis repository, consider annotating your entities with one of these annotations: org.springframework.data.redis.core.RedisHash (preferred), or consider extending one of the following types with your repository: org.springframework.data.keyvalue.repository.KeyValueRepository
2025-07-08 09:05:12.774  INFO 15888 --- [main] .RepositoryConfigurationExtensionSupport : Spring Data Redis - Could not safely identify store assignment for repository candidate interface com.forth.medicalreserve.repository.HospitalRepository; If you want this repository to be a Redis repository, consider annotating your entities with one of these annotations: org.springframework.data.redis.core.RedisHash (preferred), or consider extending one of the following types with your repository: org.springframework.data.keyvalue.repository.KeyValueRepository
2025-07-08 09:05:12.775  INFO 15888 --- [main] .RepositoryConfigurationExtensionSupport : Spring Data Redis - Could not safely identify store assignment for repository candidate interface com.forth.medicalreserve.repository.UserRepository; If you want this repository to be a Redis repository, consider annotating your entities with one of these annotations: org.springframework.data.redis.core.RedisHash (preferred), or consider extending one of the following types with your repository: org.springframework.data.keyvalue.repository.KeyValueRepository
2025-07-08 09:05:12.777  INFO 15888 --- [main] .s.d.r.c.RepositoryConfigurationDelegate : Finished Spring Data repository scanning in 34 ms. Found 0 Redis repository interfaces.
2025-07-08 09:05:13.181  WARN 15888 --- [main] o.m.s.mapper.ClassPathMapperScanner      : No MyBatis mapper was found in '[com.forth.medicalreserve]' package. Please check your configuration.
2025-07-08 09:05:14.644  INFO 15888 --- [main] o.s.b.w.embedded.tomcat.TomcatWebServer  : Tomcat initialized with port(s): 8080 (http)
2025-07-08 09:05:14.665  INFO 15888 --- [main] o.apache.catalina.core.StandardService   : Starting service [Tomcat]
2025-07-08 09:05:14.666  INFO 15888 --- [main] org.apache.catalina.core.StandardEngine  : Starting Servlet engine: [Apache Tomcat/9.0.68]
2025-07-08 09:05:14.980  INFO 15888 --- [main] o.a.c.c.C.[Tomcat].[localhost].[/]       : Initializing Spring embedded WebApplicationContext
2025-07-08 09:05:14.981  INFO 15888 --- [main] w.s.c.ServletWebServerApplicationContext : Root WebApplicationContext: initialization completed in 5340 ms
2025-07-08 09:05:15.128 DEBUG 15888 --- [main] c.f.m.filter.JwtAuthenticationFilter     : Filter 'jwtAuthenticationFilter' configured for use
2025-07-08 09:05:15.329  INFO 15888 --- [main] o.hibernate.jpa.internal.util.LogHelper  : HHH000204: Processing PersistenceUnitInfo [name: default]
2025-07-08 09:05:15.427  INFO 15888 --- [main] org.hibernate.Version                    : HHH000412: Hibernate ORM core version 5.6.12.Final
2025-07-08 09:05:15.710  INFO 15888 --- [main] o.hibernate.annotations.common.Version   : HCANN000001: Hibernate Commons Annotations {5.1.2.Final}
2025-07-08 09:05:15.897  INFO 15888 --- [main] org.hibernate.dialect.Dialect            : HHH000400: Using dialect: org.hibernate.dialect.MySQL8Dialect
2025-07-08 09:05:17.158  INFO 15888 --- [main] o.h.e.t.j.p.i.JtaPlatformInitiator       : HHH000490: Using JtaPlatform implementation: [org.hibernate.engine.transaction.jta.platform.internal.NoJtaPlatform]
2025-07-08 09:05:17.176  INFO 15888 --- [main] j.LocalContainerEntityManagerFactoryBean : Initialized JPA EntityManagerFactory for persistence unit 'default'
2025-07-08 09:05:18.602  WARN 15888 --- [main] JpaBaseConfiguration$JpaWebConfiguration : spring.jpa.open-in-view is enabled by default. Therefore, database queries may be performed during view rendering. Explicitly configure spring.jpa.open-in-view to disable this warning
2025-07-08 09:05:19.218  INFO 15888 --- [main] c.f.m.config.DatabaseInitConfig          : 找到drop-foreign-keys.sql文件，准备执行
2025-07-08 09:05:19.224  INFO 15888 --- [main] com.zaxxer.hikari.HikariDataSource       : HikariPool-1 - Starting...
2025-07-08 09:05:20.048  INFO 15888 --- [main] com.zaxxer.hikari.HikariDataSource       : HikariPool-1 - Start completed.
2025-07-08 09:05:21.973  INFO 15888 --- [main] o.s.s.web.DefaultSecurityFilterChain     : Will secure any request with [org.springframework.security.web.context.request.async.WebAsyncManagerIntegrationFilter@282c5075, org.springframework.security.web.context.SecurityContextPersistenceFilter@1ecec098, org.springframework.security.web.header.HeaderWriterFilter@6f36267d, org.springframework.web.filter.CorsFilter@141d3d43, org.springframework.security.web.authentication.logout.LogoutFilter@3f9e8af5, com.forth.medicalreserve.filter.JwtAuthenticationFilter@58015e56, org.springframework.security.web.savedrequest.RequestCacheAwareFilter@8ecc457, org.springframework.security.web.servletapi.SecurityContextHolderAwareRequestFilter@49f1184e, org.springframework.security.web.authentication.AnonymousAuthenticationFilter@2ed35f24, org.springframework.security.web.session.SessionManagementFilter@61b0af9f, org.springframework.security.web.access.ExceptionTranslationFilter@6a63ff31, org.springframework.security.web.access.intercept.FilterSecurityInterceptor@10f10230]
2025-07-08 09:05:22.196  INFO 15888 --- [main] o.s.b.a.w.s.WelcomePageHandlerMapping    : Adding welcome page: class path resource [static/index.html]
2025-07-08 09:05:22.783  INFO 15888 --- [main] o.s.b.w.embedded.tomcat.TomcatWebServer  : Tomcat started on port(s): 8080 (http) with context path ''
2025-07-08 09:05:23.268  INFO 15888 --- [main] c.f.m.MedicalReserveApplication          : Started MedicalReserveApplication in 15.328 seconds (JVM running for 17.781)
2025-07-08 09:05:40.207  INFO 15888 --- [SpringApplicationShutdownHook] j.LocalContainerEntityManagerFactoryBean : Closing JPA EntityManagerFactory for persistence unit 'default'
2025-07-08 09:05:40.211  INFO 15888 --- [SpringApplicationShutdownHook] com.zaxxer.hikari.HikariDataSource       : HikariPool-1 - Shutdown initiated...
2025-07-08 09:05:40.220  INFO 15888 --- [SpringApplicationShutdownHook] com.zaxxer.hikari.HikariDataSource       : HikariPool-1 - Shutdown completed.
2025-07-08 09:28:43.505  INFO 19720 --- [main] c.f.m.MedicalReserveApplication          : Starting MedicalReserveApplication using Java 1.8.0_201 on HYXTab with PID 19720 (C:\Users\HYXTable\Documents\实践\medical-exam\medical-reserve\target\classes started by HYXTable in C:\Users\HYXTable\Documents\实践\medical-exam\medical-reserve)
2025-07-08 09:28:43.511 DEBUG 19720 --- [main] c.f.m.MedicalReserveApplication          : Running with Spring Boot v2.6.13, Spring v5.3.23
2025-07-08 09:28:43.512  INFO 19720 --- [main] c.f.m.MedicalReserveApplication          : No active profile set, falling back to 1 default profile: "default"
2025-07-08 09:28:45.391  INFO 19720 --- [main] .s.d.r.c.RepositoryConfigurationDelegate : Multiple Spring Data modules found, entering strict repository configuration mode
2025-07-08 09:28:45.393  INFO 19720 --- [main] .s.d.r.c.RepositoryConfigurationDelegate : Bootstrapping Spring Data JDBC repositories in DEFAULT mode.
2025-07-08 09:28:45.450  INFO 19720 --- [main] .RepositoryConfigurationExtensionSupport : Spring Data JDBC - Could not safely identify store assignment for repository candidate interface com.forth.medicalreserve.repository.AdminRepository; If you want this repository to be a JDBC repository, consider annotating your entities with one of these annotations: org.springframework.data.relational.core.mapping.Table.
2025-07-08 09:28:45.453  INFO 19720 --- [main] .RepositoryConfigurationExtensionSupport : Spring Data JDBC - Could not safely identify store assignment for repository candidate interface com.forth.medicalreserve.repository.DepartmentRepository; If you want this repository to be a JDBC repository, consider annotating your entities with one of these annotations: org.springframework.data.relational.core.mapping.Table.
2025-07-08 09:28:45.456  INFO 19720 --- [main] .RepositoryConfigurationExtensionSupport : Spring Data JDBC - Could not safely identify store assignment for repository candidate interface com.forth.medicalreserve.repository.DoctorRepository; If you want this repository to be a JDBC repository, consider annotating your entities with one of these annotations: org.springframework.data.relational.core.mapping.Table.
2025-07-08 09:28:45.459  INFO 19720 --- [main] .RepositoryConfigurationExtensionSupport : Spring Data JDBC - Could not safely identify store assignment for repository candidate interface com.forth.medicalreserve.repository.HospitalRepository; If you want this repository to be a JDBC repository, consider annotating your entities with one of these annotations: org.springframework.data.relational.core.mapping.Table.
2025-07-08 09:28:45.462  INFO 19720 --- [main] .RepositoryConfigurationExtensionSupport : Spring Data JDBC - Could not safely identify store assignment for repository candidate interface com.forth.medicalreserve.repository.UserRepository; If you want this repository to be a JDBC repository, consider annotating your entities with one of these annotations: org.springframework.data.relational.core.mapping.Table.
2025-07-08 09:28:45.463  INFO 19720 --- [main] .s.d.r.c.RepositoryConfigurationDelegate : Finished Spring Data repository scanning in 63 ms. Found 0 JDBC repository interfaces.
2025-07-08 09:28:45.474  INFO 19720 --- [main] .s.d.r.c.RepositoryConfigurationDelegate : Multiple Spring Data modules found, entering strict repository configuration mode
2025-07-08 09:28:45.475  INFO 19720 --- [main] .s.d.r.c.RepositoryConfigurationDelegate : Bootstrapping Spring Data JPA repositories in DEFAULT mode.
2025-07-08 09:28:45.557  INFO 19720 --- [main] .s.d.r.c.RepositoryConfigurationDelegate : Finished Spring Data repository scanning in 76 ms. Found 5 JPA repository interfaces.
2025-07-08 09:28:45.577  INFO 19720 --- [main] .s.d.r.c.RepositoryConfigurationDelegate : Multiple Spring Data modules found, entering strict repository configuration mode
2025-07-08 09:28:45.579  INFO 19720 --- [main] .s.d.r.c.RepositoryConfigurationDelegate : Bootstrapping Spring Data Redis repositories in DEFAULT mode.
2025-07-08 09:28:45.603  INFO 19720 --- [main] .RepositoryConfigurationExtensionSupport : Spring Data Redis - Could not safely identify store assignment for repository candidate interface com.forth.medicalreserve.repository.AdminRepository; If you want this repository to be a Redis repository, consider annotating your entities with one of these annotations: org.springframework.data.redis.core.RedisHash (preferred), or consider extending one of the following types with your repository: org.springframework.data.keyvalue.repository.KeyValueRepository
2025-07-08 09:28:45.604  INFO 19720 --- [main] .RepositoryConfigurationExtensionSupport : Spring Data Redis - Could not safely identify store assignment for repository candidate interface com.forth.medicalreserve.repository.DepartmentRepository; If you want this repository to be a Redis repository, consider annotating your entities with one of these annotations: org.springframework.data.redis.core.RedisHash (preferred), or consider extending one of the following types with your repository: org.springframework.data.keyvalue.repository.KeyValueRepository
2025-07-08 09:28:45.604  INFO 19720 --- [main] .RepositoryConfigurationExtensionSupport : Spring Data Redis - Could not safely identify store assignment for repository candidate interface com.forth.medicalreserve.repository.DoctorRepository; If you want this repository to be a Redis repository, consider annotating your entities with one of these annotations: org.springframework.data.redis.core.RedisHash (preferred), or consider extending one of the following types with your repository: org.springframework.data.keyvalue.repository.KeyValueRepository
2025-07-08 09:28:45.605  INFO 19720 --- [main] .RepositoryConfigurationExtensionSupport : Spring Data Redis - Could not safely identify store assignment for repository candidate interface com.forth.medicalreserve.repository.HospitalRepository; If you want this repository to be a Redis repository, consider annotating your entities with one of these annotations: org.springframework.data.redis.core.RedisHash (preferred), or consider extending one of the following types with your repository: org.springframework.data.keyvalue.repository.KeyValueRepository
2025-07-08 09:28:45.605  INFO 19720 --- [main] .RepositoryConfigurationExtensionSupport : Spring Data Redis - Could not safely identify store assignment for repository candidate interface com.forth.medicalreserve.repository.UserRepository; If you want this repository to be a Redis repository, consider annotating your entities with one of these annotations: org.springframework.data.redis.core.RedisHash (preferred), or consider extending one of the following types with your repository: org.springframework.data.keyvalue.repository.KeyValueRepository
2025-07-08 09:28:45.605  INFO 19720 --- [main] .s.d.r.c.RepositoryConfigurationDelegate : Finished Spring Data repository scanning in 14 ms. Found 0 Redis repository interfaces.
2025-07-08 09:28:45.855  WARN 19720 --- [main] o.m.s.mapper.ClassPathMapperScanner      : No MyBatis mapper was found in '[com.forth.medicalreserve]' package. Please check your configuration.
2025-07-08 09:28:46.676  INFO 19720 --- [main] o.s.b.w.embedded.tomcat.TomcatWebServer  : Tomcat initialized with port(s): 8080 (http)
2025-07-08 09:28:46.690  INFO 19720 --- [main] o.apache.catalina.core.StandardService   : Starting service [Tomcat]
2025-07-08 09:28:46.691  INFO 19720 --- [main] org.apache.catalina.core.StandardEngine  : Starting Servlet engine: [Apache Tomcat/9.0.68]
2025-07-08 09:28:46.959  INFO 19720 --- [main] o.a.c.c.C.[Tomcat].[localhost].[/]       : Initializing Spring embedded WebApplicationContext
2025-07-08 09:28:46.960  INFO 19720 --- [main] w.s.c.ServletWebServerApplicationContext : Root WebApplicationContext: initialization completed in 3373 ms
2025-07-08 09:28:47.131 DEBUG 19720 --- [main] c.f.m.filter.JwtAuthenticationFilter     : Filter 'jwtAuthenticationFilter' configured for use
2025-07-08 09:28:47.420  INFO 19720 --- [main] o.hibernate.jpa.internal.util.LogHelper  : HHH000204: Processing PersistenceUnitInfo [name: default]
2025-07-08 09:28:47.551  INFO 19720 --- [main] org.hibernate.Version                    : HHH000412: Hibernate ORM core version 5.6.12.Final
2025-07-08 09:28:47.894  INFO 19720 --- [main] o.hibernate.annotations.common.Version   : HCANN000001: Hibernate Commons Annotations {5.1.2.Final}
2025-07-08 09:28:48.093  INFO 19720 --- [main] org.hibernate.dialect.Dialect            : HHH000400: Using dialect: org.hibernate.dialect.MySQL8Dialect
2025-07-08 09:28:49.150  INFO 19720 --- [main] o.h.e.t.j.p.i.JtaPlatformInitiator       : HHH000490: Using JtaPlatform implementation: [org.hibernate.engine.transaction.jta.platform.internal.NoJtaPlatform]
2025-07-08 09:28:49.161  INFO 19720 --- [main] j.LocalContainerEntityManagerFactoryBean : Initialized JPA EntityManagerFactory for persistence unit 'default'
2025-07-08 09:28:50.116  WARN 19720 --- [main] JpaBaseConfiguration$JpaWebConfiguration : spring.jpa.open-in-view is enabled by default. Therefore, database queries may be performed during view rendering. Explicitly configure spring.jpa.open-in-view to disable this warning
2025-07-08 09:28:50.503  INFO 19720 --- [main] c.f.m.config.DatabaseInitConfig          : 找到drop-foreign-keys.sql文件，准备执行
2025-07-08 09:28:50.507  INFO 19720 --- [main] com.zaxxer.hikari.HikariDataSource       : HikariPool-1 - Starting...
2025-07-08 09:28:51.387  INFO 19720 --- [main] com.zaxxer.hikari.HikariDataSource       : HikariPool-1 - Start completed.
2025-07-08 09:28:53.318  INFO 19720 --- [main] o.s.s.web.DefaultSecurityFilterChain     : Will secure any request with [org.springframework.security.web.context.request.async.WebAsyncManagerIntegrationFilter@2ed35f24, org.springframework.security.web.context.SecurityContextPersistenceFilter@8ecc457, org.springframework.security.web.header.HeaderWriterFilter@d65e744, org.springframework.web.filter.CorsFilter@135a8c6f, org.springframework.security.web.authentication.logout.LogoutFilter@47772462, com.forth.medicalreserve.filter.JwtAuthenticationFilter@3456558, org.springframework.security.web.savedrequest.RequestCacheAwareFilter@49f1184e, org.springframework.security.web.servletapi.SecurityContextHolderAwareRequestFilter@694b1ddb, org.springframework.security.web.authentication.AnonymousAuthenticationFilter@362b384c, org.springframework.security.web.session.SessionManagementFilter@1ecec098, org.springframework.security.web.access.ExceptionTranslationFilter@6f36267d, org.springframework.security.web.access.intercept.FilterSecurityInterceptor@3dec769]
2025-07-08 09:28:53.509  INFO 19720 --- [main] o.s.b.a.w.s.WelcomePageHandlerMapping    : Adding welcome page: class path resource [static/index.html]
2025-07-08 09:28:54.021  INFO 19720 --- [main] o.s.b.w.embedded.tomcat.TomcatWebServer  : Tomcat started on port(s): 8080 (http) with context path ''
2025-07-08 09:28:54.389  INFO 19720 --- [main] c.f.m.MedicalReserveApplication          : Started MedicalReserveApplication in 11.5 seconds (JVM running for 12.415)
